/*C2*/SET SCHEMA PUBLIC
DELETE FROM CAIS WHERE AL_ID=2460
DELETE FROM CAIS WHERE AL_ID=2461
DELETE FROM CAIS WHERE AL_ID=2462
DELETE FROM CAIS WHERE AL_ID=2463
DELETE FROM CAIS WHERE AL_ID=2464
DELETE FROM CAIS WHERE AL_ID=2465
DELETE FROM CAIS WHERE AL_ID=2466
DELETE FROM CAIS WHERE AL_ID=2467
DELETE FROM CAIS WHERE AL_ID=2468
DELETE FROM CAIS WHERE AL_ID=2469
DELETE FROM CAIS WHERE AL_ID=2470
DELETE FROM CAIS WHERE AL_ID=2471
INSERT INTO CAIS VALUES(2472,1,'Parque Santander','Cl. 36 #18-1',7.11935E0,-73.12274E0,'Punto de inter\u00e9s',1)
INSERT INTO CAIS VALUES(2473,2,'Centro Comercial Cabecera','Cl. 48 #26-47',7.1165E0,-73.1226E0,'Centro comercial',1)
INSERT INTO CAIS VALUES(2474,3,'UIS Campus Central','Cra 27 Cl 9, Bucaramanga',7.1374E0,-73.1221E0,'Universidad',0)
INSERT INTO CAIS VALUES(2475,4,'Parque del Agua','Cl. 45 #28-30',7.1317E0,-73.1273E0,'Parque',0)
INSERT INTO CAIS VALUES(2476,5,'Catedral de la Sagrada','Cl. 36 #19-55',7.1261E0,-73.1199E0,'Religioso',0)
INSERT INTO CAIS VALUES(2477,6,'Aeropuerto Palonegro','V\u00eda al Aeropuerto',7.1265E0,-73.1848E0,'Transporte',0)
INSERT INTO CAIS VALUES(2478,7,'Megamall','Autopista Floridablanca',7.0627E0,-73.0867E0,'Centro comercial',0)
INSERT INTO CAIS VALUES(2479,8,'Hospital Universitario','Cl. 157 #14-55',7.1299E0,-73.1162E0,'Salud',1)
INSERT INTO CAIS VALUES(2480,9,'Malec\u00f3n Parque','Av Quebradaseca',7.1123E0,-73.1356E0,'Parque',1)
INSERT INTO CAIS VALUES(2481,10,'Estadio Alfonso L\u00f3pez','Cra 20 #36-01',7.133E0,-73.1165E0,'Deportivo',0)
INSERT INTO CAIS VALUES(2482,NULL,NULL,NULL,NULL,NULL,NULL,NULL)
INSERT INTO CAIS VALUES(2483,NULL,NULL,NULL,NULL,NULL,NULL,NULL)
COMMIT
DELETE FROM DELITOS WHERE AL_ID=2649
DELETE FROM DELITOS WHERE AL_ID=2650
DELETE FROM DELITOS WHERE AL_ID=2651
DELETE FROM DELITOS WHERE AL_ID=2652
DELETE FROM DELITOS WHERE AL_ID=2653
DELETE FROM DELITOS WHERE AL_ID=2654
DELETE FROM DELITOS WHERE AL_ID=2655
DELETE FROM DELITOS WHERE AL_ID=2656
DELETE FROM DELITOS WHERE AL_ID=2657
DELETE FROM DELITOS WHERE AL_ID=2658
DELETE FROM DELITOS WHERE AL_ID=2659
DELETE FROM DELITOS WHERE AL_ID=2660
DELETE FROM DELITOS WHERE AL_ID=2661
DELETE FROM DELITOS WHERE AL_ID=2662
DELETE FROM DELITOS WHERE AL_ID=2663
DELETE FROM DELITOS WHERE AL_ID=2664
DELETE FROM DELITOS WHERE AL_ID=2665
DELETE FROM DELITOS WHERE AL_ID=2666
DELETE FROM DELITOS WHERE AL_ID=2667
DELETE FROM DELITOS WHERE AL_ID=2668
DELETE FROM DELITOS WHERE AL_ID=2669
DELETE FROM DELITOS WHERE AL_ID=2670
DELETE FROM DELITOS WHERE AL_ID=2671
DELETE FROM DELITOS WHERE AL_ID=2672
DELETE FROM DELITOS WHERE AL_ID=2673
DELETE FROM DELITOS WHERE AL_ID=2674
DELETE FROM DELITOS WHERE AL_ID=2675
DELETE FROM DELITOS WHERE AL_ID=2676
DELETE FROM DELITOS WHERE AL_ID=2677
DELETE FROM DELITOS WHERE AL_ID=2678
DELETE FROM DELITOS WHERE AL_ID=2679
DELETE FROM DELITOS WHERE AL_ID=2680
DELETE FROM DELITOS WHERE AL_ID=2681
DELETE FROM DELITOS WHERE AL_ID=2682
DELETE FROM DELITOS WHERE AL_ID=2683
DELETE FROM DELITOS WHERE AL_ID=2684
DELETE FROM DELITOS WHERE AL_ID=2685
DELETE FROM DELITOS WHERE AL_ID=2686
DELETE FROM DELITOS WHERE AL_ID=2687
DELETE FROM DELITOS WHERE AL_ID=2688
DELETE FROM DELITOS WHERE AL_ID=2689
DELETE FROM DELITOS WHERE AL_ID=2690
DELETE FROM DELITOS WHERE AL_ID=2691
DELETE FROM DELITOS WHERE AL_ID=2692
DELETE FROM DELITOS WHERE AL_ID=2693
DELETE FROM DELITOS WHERE AL_ID=2694
DELETE FROM DELITOS WHERE AL_ID=2695
DELETE FROM DELITOS WHERE AL_ID=2696
DELETE FROM DELITOS WHERE AL_ID=2697
DELETE FROM DELITOS WHERE AL_ID=2698
DELETE FROM DELITOS WHERE AL_ID=2699
DELETE FROM DELITOS WHERE AL_ID=2700
DELETE FROM DELITOS WHERE AL_ID=2701
DELETE FROM DELITOS WHERE AL_ID=2702
DELETE FROM DELITOS WHERE AL_ID=2703
DELETE FROM DELITOS WHERE AL_ID=2704
DELETE FROM DELITOS WHERE AL_ID=2705
DELETE FROM DELITOS WHERE AL_ID=2706
DELETE FROM DELITOS WHERE AL_ID=2707
DELETE FROM DELITOS WHERE AL_ID=2708
DELETE FROM DELITOS WHERE AL_ID=2709
DELETE FROM DELITOS WHERE AL_ID=2710
DELETE FROM DELITOS WHERE AL_ID=2711
DELETE FROM DELITOS WHERE AL_ID=2712
DELETE FROM DELITOS WHERE AL_ID=2713
DELETE FROM DELITOS WHERE AL_ID=2714
DELETE FROM DELITOS WHERE AL_ID=2715
DELETE FROM DELITOS WHERE AL_ID=2716
DELETE FROM DELITOS WHERE AL_ID=2717
DELETE FROM DELITOS WHERE AL_ID=2718
DELETE FROM DELITOS WHERE AL_ID=2719
DELETE FROM DELITOS WHERE AL_ID=2720
DELETE FROM DELITOS WHERE AL_ID=2721
DELETE FROM DELITOS WHERE AL_ID=2722
DELETE FROM DELITOS WHERE AL_ID=2723
DELETE FROM DELITOS WHERE AL_ID=2724
DELETE FROM DELITOS WHERE AL_ID=2725
DELETE FROM DELITOS WHERE AL_ID=2726
DELETE FROM DELITOS WHERE AL_ID=2727
INSERT INTO DELITOS VALUES(2728,1,'Parque del Morrillo','Cl. 105 #24-45',7.1193E0,-73.1225E0,'Parque','2023-01-01 00:20:00.000000')
INSERT INTO DELITOS VALUES(2729,2,'Centro Comercial Cacique','Cra. 27 #90-128',7.1547E0,-73.1185E0,'Centro comercial','2023-01-01 14:00:00.000000')
INSERT INTO DELITOS VALUES(2730,3,'Universidad Industrial de Santander (UIS)','Cra. 27 #9-11',7.1374E0,-73.1221E0,'Universidad','2023-01-01 00:40:00.000000')
INSERT INTO DELITOS VALUES(2731,4,'Parque La Flora','Cl. 56 #35-2',7.1025E0,-73.1083E0,'Parque','2024-07-23 15:30:00.000000')
INSERT INTO DELITOS VALUES(2732,5,'Iglesia San Laureano','Cl. 33 #20-35',7.1252E0,-73.1202E0,'Religioso','2024-07-22 12:15:00.000000')
INSERT INTO DELITOS VALUES(2733,6,'Terminal de Transporte de Bucaramanga','Cl. 80 #27-100',7.1648E0,-73.1283E0,'Transporte','2024-07-21 17:40:00.000000')
INSERT INTO DELITOS VALUES(2734,7,'Cabildo de Bucaramanga','Cl. 35 #9-81',7.1268E0,-73.1188E0,'Gubernamental','2024-07-20 13:50:00.000000')
INSERT INTO DELITOS VALUES(2735,8,'Ubicaci\u00f3n desconocida','Direcci\u00f3n desconocida',7.154124E0,-73.129646E0,'Tipo desconocido','2023-01-01 00:12:00.000000')
INSERT INTO DELITOS VALUES(2736,9,'Ubicaci\u00f3n desconocida','Direcci\u00f3n desconocida',7.125798E0,-73.121265E0,'Tipo desconocido','2023-01-01 03:40:00.000000')
INSERT INTO DELITOS VALUES(2737,10,'Ubicaci\u00f3n desconocida','Direcci\u00f3n desconocida',7.142488E0,-73.105843E0,'Tipo desconocido','2023-01-01 03:18:00.000000')
INSERT INTO DELITOS VALUES(2738,11,'Ubicaci\u00f3n desconocida','Direcci\u00f3n desconocida',7.126612E0,-73.134553E0,'Tipo desconocido','2023-01-01 01:14:00.000000')
INSERT INTO DELITOS VALUES(2739,12,'Ubicaci\u00f3n desconocida','Direcci\u00f3n desconocida',7.149015E0,-73.138477E0,'Tipo desconocido','2023-01-01 04:00:00.000000')
INSERT INTO DELITOS VALUES(2740,13,'Ubicaci\u00f3n desconocida','Direcci\u00f3n desconocida',7.144257E0,-73.115009E0,'Tipo desconocido','2023-01-01 03:42:00.000000')
INSERT INTO DELITOS VALUES(2741,14,'Ubicaci\u00f3n desconocida','Direcci\u00f3n desconocida',7.158644E0,-73.126159E0,'Tipo desconocido','2023-01-01 05:55:00.000000')
INSERT INTO DELITOS VALUES(2742,15,'Ubicaci\u00f3n desconocida','Direcci\u00f3n desconocida',7.140717E0,-73.114983E0,'Tipo desconocido','2023-01-01 03:00:00.000000')
INSERT INTO DELITOS VALUES(2743,16,'Ubicaci\u00f3n desconocida','Direcci\u00f3n desconocida',7.143045E0,-73.107622E0,'Tipo desconocido','2023-01-01 04:25:00.000000')
INSERT INTO DELITOS VALUES(2744,17,'Ubicaci\u00f3n desconocida','Direcci\u00f3n desconocida',7.128566E0,-73.139288E0,'Tipo desconocido','2023-01-01 01:27:00.000000')
INSERT INTO DELITOS VALUES(2745,18,'Ubicaci\u00f3n desconocida','Direcci\u00f3n desconocida',7.152591E0,-73.127963E0,'Tipo desconocido','2023-01-01 01:48:00.000000')
INSERT INTO DELITOS VALUES(2746,19,'Ubicaci\u00f3n desconocida','Direcci\u00f3n desconocida',7.136023E0,-73.121479E0,'Tipo desconocido','2023-01-01 00:02:00.000000')
INSERT INTO DELITOS VALUES(2747,20,'Ubicaci\u00f3n desconocida','Direcci\u00f3n desconocida',7.148824E0,-73.119141E0,'Tipo desconocido','2023-01-01 00:09:00.000000')
INSERT INTO DELITOS VALUES(2748,21,'Ubicaci\u00f3n desconocida','Direcci\u00f3n desconocida',7.133565E0,-73.101573E0,'Tipo desconocido','2023-01-01 01:45:00.000000')
INSERT INTO DELITOS VALUES(2749,22,'Ubicaci\u00f3n desconocida','Direcci\u00f3n desconocida',7.156007E0,-73.11386E0,'Tipo desconocido','2023-01-01 05:14:00.000000')
INSERT INTO DELITOS VALUES(2750,23,'Ubicaci\u00f3n desconocida','Direcci\u00f3n desconocida',7.149732E0,-73.108489E0,'Tipo desconocido','2023-01-01 05:09:00.000000')
INSERT INTO DELITOS VALUES(2751,24,'Ubicaci\u00f3n desconocida','Direcci\u00f3n desconocida',7.16260166666667E0,-73.11489E0,'Tipo desconocido','2023-01-01 01:44:59.000000')
INSERT INTO DELITOS VALUES(2752,25,'Ubicaci\u00f3n desconocida','Direcci\u00f3n desconocida',7.16359804444445E0,-73.1079772666667E0,'Tipo desconocido','2023-01-01 00:01:59.000000')
INSERT INTO DELITOS VALUES(2753,26,'Ubicaci\u00f3n desconocida','Direcci\u00f3n desconocida',7.16811402539683E0,-73.1064740095238E0,'Tipo desconocido','2023-01-01 00:01:59.000000')
INSERT INTO DELITOS VALUES(2754,27,'Ubicaci\u00f3n desconocida','Direcci\u00f3n desconocida',7.17263000634921E0,-73.104970752381E0,'Tipo desconocido','2023-01-01 00:01:59.000000')
INSERT INTO DELITOS VALUES(2755,28,'Ubicaci\u00f3n desconocida','Direcci\u00f3n desconocida',7.17714598730159E0,-73.1034674952381E0,'Tipo desconocido','2023-01-01 00:01:59.000000')
INSERT INTO DELITOS VALUES(2756,29,'Ubicaci\u00f3n desconocida','Direcci\u00f3n desconocida',7.18166196825397E0,-73.1019642380953E0,'Tipo desconocido','2023-01-01 00:01:59.000000')
INSERT INTO DELITOS VALUES(2757,30,'Ubicaci\u00f3n desconocida','Direcci\u00f3n desconocida',7.18617794920635E0,-73.1004609809524E0,'Tipo desconocido','2023-01-01 00:01:59.000000')
INSERT INTO DELITOS VALUES(2758,31,'Ubicaci\u00f3n desconocida','Direcci\u00f3n desconocida',7.19069393015873E0,-73.0989577238095E0,'Tipo desconocido','2023-01-01 00:01:59.000000')
INSERT INTO DELITOS VALUES(2759,32,'Ubicaci\u00f3n desconocida','Direcci\u00f3n desconocida',7.19520991111112E0,-73.0974544666667E0,'Tipo desconocido','2023-01-01 00:01:59.000000')
INSERT INTO DELITOS VALUES(2760,33,'Ubicaci\u00f3n desconocida','Direcci\u00f3n desconocida',7.1997258920635E0,-73.0959512095238E0,'Tipo desconocido','2023-01-01 00:01:59.000000')
INSERT INTO DELITOS VALUES(2761,34,'Ubicaci\u00f3n desconocida','Direcci\u00f3n desconocida',7.20424187301588E0,-73.094447952381E0,'Tipo desconocido','2023-01-01 00:01:59.000000')
INSERT INTO DELITOS VALUES(2762,NULL,NULL,NULL,NULL,NULL,NULL,NULL)
INSERT INTO DELITOS VALUES(2763,NULL,NULL,NULL,NULL,NULL,NULL,NULL)
INSERT INTO DELITOS VALUES(2764,NULL,NULL,NULL,NULL,NULL,NULL,NULL)
INSERT INTO DELITOS VALUES(2765,NULL,NULL,NULL,NULL,NULL,NULL,NULL)
INSERT INTO DELITOS VALUES(2766,NULL,NULL,NULL,NULL,NULL,NULL,NULL)
INSERT INTO DELITOS VALUES(2767,NULL,NULL,NULL,NULL,NULL,NULL,NULL)
INSERT INTO DELITOS VALUES(2768,NULL,NULL,NULL,NULL,NULL,NULL,NULL)
INSERT INTO DELITOS VALUES(2769,NULL,NULL,NULL,NULL,NULL,NULL,NULL)
INSERT INTO DELITOS VALUES(2770,NULL,NULL,NULL,NULL,NULL,NULL,NULL)
INSERT INTO DELITOS VALUES(2771,NULL,NULL,NULL,NULL,NULL,NULL,NULL)
INSERT INTO DELITOS VALUES(2772,NULL,NULL,NULL,NULL,NULL,NULL,NULL)
INSERT INTO DELITOS VALUES(2773,NULL,NULL,NULL,NULL,NULL,NULL,NULL)
INSERT INTO DELITOS VALUES(2774,NULL,NULL,NULL,NULL,NULL,NULL,NULL)
INSERT INTO DELITOS VALUES(2775,NULL,NULL,NULL,NULL,NULL,NULL,NULL)
INSERT INTO DELITOS VALUES(2776,NULL,NULL,NULL,NULL,NULL,NULL,NULL)
INSERT INTO DELITOS VALUES(2777,NULL,NULL,NULL,NULL,NULL,NULL,NULL)
INSERT INTO DELITOS VALUES(2778,NULL,NULL,NULL,NULL,NULL,NULL,NULL)
INSERT INTO DELITOS VALUES(2779,NULL,NULL,NULL,NULL,NULL,NULL,NULL)
INSERT INTO DELITOS VALUES(2780,NULL,NULL,NULL,NULL,NULL,NULL,NULL)
INSERT INTO DELITOS VALUES(2781,NULL,NULL,NULL,NULL,NULL,NULL,NULL)
INSERT INTO DELITOS VALUES(2782,NULL,NULL,NULL,NULL,NULL,NULL,NULL)
INSERT INTO DELITOS VALUES(2783,NULL,NULL,NULL,NULL,NULL,NULL,NULL)
INSERT INTO DELITOS VALUES(2784,NULL,NULL,NULL,NULL,NULL,NULL,NULL)
INSERT INTO DELITOS VALUES(2785,NULL,NULL,NULL,NULL,NULL,NULL,NULL)
INSERT INTO DELITOS VALUES(2786,NULL,NULL,NULL,NULL,NULL,NULL,NULL)
INSERT INTO DELITOS VALUES(2787,NULL,NULL,NULL,NULL,NULL,NULL,NULL)
INSERT INTO DELITOS VALUES(2788,NULL,NULL,NULL,NULL,NULL,NULL,NULL)
INSERT INTO DELITOS VALUES(2789,NULL,NULL,NULL,NULL,NULL,NULL,NULL)
INSERT INTO DELITOS VALUES(2790,NULL,NULL,NULL,NULL,NULL,NULL,NULL)
INSERT INTO DELITOS VALUES(2791,NULL,NULL,NULL,NULL,NULL,NULL,NULL)
INSERT INTO DELITOS VALUES(2792,NULL,NULL,NULL,NULL,NULL,NULL,NULL)
INSERT INTO DELITOS VALUES(2793,NULL,NULL,NULL,NULL,NULL,NULL,NULL)
INSERT INTO DELITOS VALUES(2794,NULL,NULL,NULL,NULL,NULL,NULL,NULL)
INSERT INTO DELITOS VALUES(2795,NULL,NULL,NULL,NULL,NULL,NULL,NULL)
INSERT INTO DELITOS VALUES(2796,NULL,NULL,NULL,NULL,NULL,NULL,NULL)
INSERT INTO DELITOS VALUES(2797,NULL,NULL,NULL,NULL,NULL,NULL,NULL)
INSERT INTO DELITOS VALUES(2798,NULL,NULL,NULL,NULL,NULL,NULL,NULL)
INSERT INTO DELITOS VALUES(2799,NULL,NULL,NULL,NULL,NULL,NULL,NULL)
INSERT INTO DELITOS VALUES(2800,NULL,NULL,NULL,NULL,NULL,NULL,NULL)
INSERT INTO DELITOS VALUES(2801,NULL,NULL,NULL,NULL,NULL,NULL,NULL)
INSERT INTO DELITOS VALUES(2802,NULL,NULL,NULL,NULL,NULL,NULL,NULL)
INSERT INTO DELITOS VALUES(2803,NULL,NULL,NULL,NULL,NULL,NULL,NULL)
INSERT INTO DELITOS VALUES(2804,NULL,NULL,NULL,NULL,NULL,NULL,NULL)
INSERT INTO DELITOS VALUES(2805,NULL,NULL,NULL,NULL,NULL,NULL,NULL)
INSERT INTO DELITOS VALUES(2806,NULL,NULL,NULL,NULL,NULL,NULL,NULL)
COMMIT
DISCONNECT
